d:\vc_project\master2.1\master\debug\master.pch
d:\vc_project\master2.1\master\debug\vc142.pdb
d:\vc_project\master2.1\master\debug\vc142.idb
d:\vc_project\master2.1\master\debug\master.obj
d:\vc_project\master2.1\master\debug\masterdlg.obj
d:\vc_project\master2.1\master\debug\mscomm.obj
d:\vc_project\master2.1\master\debug\stdafx.obj
d:\vc_project\master2.1\debug\master.exe
d:\vc_project\master2.1\debug\master.ilk
d:\vc_project\master2.1\debug\master.pdb
d:\vc_project\master2.1\master\debug\master.res
d:\vc_project\master2.1\master\debug\master.tlog\cl.command.1.tlog
d:\vc_project\master2.1\master\debug\master.tlog\cl.read.1.tlog
d:\vc_project\master2.1\master\debug\master.tlog\cl.write.1.tlog
d:\vc_project\master2.1\master\debug\master.tlog\link.command.1.tlog
d:\vc_project\master2.1\master\debug\master.tlog\link.read.1.tlog
d:\vc_project\master2.1\master\debug\master.tlog\link.write.1.tlog
d:\vc_project\master2.1\master\debug\master.tlog\rc.command.1.tlog
d:\vc_project\master2.1\master\debug\master.tlog\rc.read.1.tlog
d:\vc_project\master2.1\master\debug\master.tlog\rc.write.1.tlog
